ERROR:root:Error abriendo image ABB-0234.jpg
ERROR:root:Error abriendo image ABB-0279.jpg
ERROR:root:Error abriendo image BAL-0043.jpg
ERROR:root:Error abriendo image BAL-0045.jpg
ERROR:root:Error abriendo image BAN-0074.jpg
ERROR:root:Error abriendo image COP-1306.jpg
ERROR:root:Error abriendo image COP-1307.jpg
ERROR:root:Error abriendo image ABB-0234.jpg
ERROR:root:Error abriendo image ABB-0279.jpg
ERROR:root:Error abriendo image BAL-0043.jpg
ERROR:root:Error abriendo image BAL-0045.jpg
ERROR:root:Error abriendo image BAN-0074.jpg
ERROR:root:Error abriendo image COP-1306.jpg
ERROR:root:Error abriendo image COP-1307.jpg
ERROR:root:Error durante image resizeCOP-1308.jpg
ERROR:root:Error abriendo image CTH-0031.jpg
ERROR:root:Error abriendo image CTH-0032.jpg
ERROR:root:Error abriendo image FES-1326.jpg
ERROR:root:Error abriendo image FES-1328.jpg
ERROR:root:Error abriendo image FES-1330.jpg
ERROR:root:Error abriendo image FES-1331.jpg
ERROR:root:Error abriendo image FES-1332.jpg
ERROR:root:Error abriendo image FES-1333.jpg
ERROR:root:Error abriendo image FES-1334.jpg
ERROR:root:Error abriendo image FES-1335.jpg
ERROR:root:Error abriendo image GRG-0816.jpg
ERROR:root:Error abriendo image GRG-0817.jpg
ERROR:root:Error abriendo image GRG-0818.jpg
ERROR:root:Error abriendo image HNW-0199.jpg
ERROR:root:Error abriendo image IDC-0105.jpg
ERROR:root:Error abriendo image IDC-0136.jpg
ERROR:root:Error abriendo image IDC-0137.jpg
ERROR:root:Error abriendo image IDC-0138.jpg
ERROR:root:Error abriendo image IDC-0139.jpg
ERROR:root:Error abriendo image LTF-0015.jpg
ERROR:root:Error abriendo image LTF-0016.jpg
ERROR:root:Error abriendo image LTF-0017.jpg
ERROR:root:Error abriendo image LTF-0018.jpg
ERROR:root:Error abriendo image LTF-0019.jpg
ERROR:root:Error abriendo image LTF-0020.jpg
ERROR:root:Error abriendo image LTF-0021.jpg
ERROR:root:Error abriendo image LTF-0022.jpg
ERROR:root:Error durante image resizeLTF-0023.jpg
ERROR:root:Error durante image resizeNGR-0026.jpg
ERROR:root:Error abriendo image OMN-1740.jpg
ERROR:root:Error abriendo image OMN-1741.jpg
ERROR:root:Error abriendo image OMN-1742.jpg
ERROR:root:Error abriendo image OMN-1843.jpg
ERROR:root:Error abriendo image PPR-0096.jpg
ERROR:root:Error durante image resizePPR-0097.jpg
ERROR:root:Error abriendo image SHA-0113.jpg
ERROR:root:Error abriendo image SHA-0172.jpg
ERROR:root:Error abriendo image SHA-0177.jpg
ERROR:root:Error abriendo image SHA-0178.jpg
ERROR:root:Error abriendo image SIE-0590.jpg
ERROR:root:Error abriendo image SIE-0591.jpg
ERROR:root:Error abriendo image SIE-0592.jpg
ERROR:root:Error abriendo image SIE-0593.jpg
ERROR:root:Error abriendo image SIE-0594.jpg
ERROR:root:Error abriendo image SIK-0069.jpg
ERROR:root:Error abriendo image SIK-0070.jpg
ERROR:root:Error abriendo image SIK-0072.jpg
ERROR:root:Error abriendo image SIK-0073.jpg
ERROR:root:Error abriendo image SIK-0074.jpg
ERROR:root:Error abriendo image SIK-0075.jpg
ERROR:root:Error abriendo image SMC-1221.jpg
ERROR:root:Error abriendo image SMC-1283.jpg
ERROR:root:Error abriendo image SMC-1349.jpg
ERROR:root:Error abriendo image SMC-1350.jpg
ERROR:root:Error abriendo image SMC-1351.jpg
ERROR:root:Error abriendo image SMC-1352.jpg
ERROR:root:Error abriendo image SMC-1353.jpg
ERROR:root:Error abriendo image SMC-1354.jpg
ERROR:root:Error abriendo image SMC-1365.jpg
ERROR:root:Error abriendo image SMC-1366.jpg
ERROR:root:Error abriendo image SMC-1367.jpg
ERROR:root:Error abriendo image SMC-1368.jpg
ERROR:root:Error abriendo image SMC-1369.jpg
ERROR:root:Error abriendo image TMQ-0574.jpg
ERROR:root:Error abriendo image TMQ-0594.jpg
ERROR:root:Error abriendo image TMQ-0625.jpg
ERROR:root:Error abriendo image VIC-0022.jpg
